launcher/build/intermediates/manifest_merge_blame_file/release/manifest-merger-blame-release-report.txt
1<?xml version="1.0" encoding="utf-8"?>
2<!-- GENERATED BY UNITY. REMOVE THIS COMMENT TO PREVENT OVERWRITING WHEN EXPORTING AGAIN -->
3<manifest xmlns:android="http://schemas.android.com/apk/res/android"
4    package="com.chrisPaul97.DevelopmentKids"
5    android:installLocation="preferExternal"
6    android:versionCode="2"
7    android:versionName="1.02" >
8
9    <uses-sdk
10        android:minSdkVersion="19"
10-->src\main\AndroidManifest.xml
11        android:targetSdkVersion="32" />
11-->src\main\AndroidManifest.xml
12
13    <supports-screens
13-->src\main\AndroidManifest.xml:4:3-163
14        android:anyDensity="true"
14-->src\main\AndroidManifest.xml:4:135-160
15        android:largeScreens="true"
15-->src\main\AndroidManifest.xml:4:78-105
16        android:normalScreens="true"
16-->src\main\AndroidManifest.xml:4:49-77
17        android:smallScreens="true"
17-->src\main\AndroidManifest.xml:4:21-48
18        android:xlargeScreens="true" />
18-->src\main\AndroidManifest.xml:4:106-134
19
20    <uses-feature android:glEsVersion="0x00020000" />
20-->[:unityLibrary] AndroidManifest.xml:13:5-54
20-->[:unityLibrary] AndroidManifest.xml:13:19-51
21    <uses-feature
21-->[:unityLibrary] AndroidManifest.xml:14:5-16:36
22        android:name="android.hardware.vulkan.version"
22-->[:unityLibrary] AndroidManifest.xml:15:9-55
23        android:required="false" />
23-->[:unityLibrary] AndroidManifest.xml:16:9-33
24
25    <uses-permission android:name="android.permission.INTERNET" />
25-->[:unityLibrary] AndroidManifest.xml:18:5-67
25-->[:unityLibrary] AndroidManifest.xml:18:22-64
26
27    <uses-feature
27-->[:unityLibrary] AndroidManifest.xml:20:5-22:36
28        android:name="android.hardware.sensor.accelerometer"
28-->[:unityLibrary] AndroidManifest.xml:21:9-61
29        android:required="false" />
29-->[:unityLibrary] AndroidManifest.xml:22:9-33
30    <uses-feature
30-->[:unityLibrary] AndroidManifest.xml:23:5-25:36
31        android:name="android.hardware.touchscreen"
31-->[:unityLibrary] AndroidManifest.xml:24:9-52
32        android:required="false" />
32-->[:unityLibrary] AndroidManifest.xml:25:9-33
33    <uses-feature
33-->[:unityLibrary] AndroidManifest.xml:26:5-28:36
34        android:name="android.hardware.touchscreen.multitouch"
34-->[:unityLibrary] AndroidManifest.xml:27:9-63
35        android:required="false" />
35-->[:unityLibrary] AndroidManifest.xml:28:9-33
36    <uses-feature
36-->[:unityLibrary] AndroidManifest.xml:29:5-31:36
37        android:name="android.hardware.touchscreen.multitouch.distinct"
37-->[:unityLibrary] AndroidManifest.xml:30:9-72
38        android:required="false" />
38-->[:unityLibrary] AndroidManifest.xml:31:9-33
39
40    <application
40-->src\main\AndroidManifest.xml:5:3-116
41        android:extractNativeLibs="true"
41-->src\main\AndroidManifest.xml:5:16-48
42        android:icon="@mipmap/app_icon"
42-->src\main\AndroidManifest.xml:5:82-113
43        android:label="@string/app_name"
43-->src\main\AndroidManifest.xml:5:49-81
44        android:theme="@style/UnityThemeSelector.Translucent" >
44-->[:unityLibrary] AndroidManifest.xml:33:18-71
45        <activity
45-->[:unityLibrary] AndroidManifest.xml:34:9-55:20
46            android:name="com.unity3d.player.UnityPlayerActivity"
46-->[:unityLibrary] AndroidManifest.xml:35:13-66
47            android:configChanges="mcc|mnc|locale|touchscreen|keyboard|keyboardHidden|navigation|orientation|screenLayout|uiMode|screenSize|smallestScreenSize|fontScale|layoutDirection|density"
47-->[:unityLibrary] AndroidManifest.xml:36:13-194
48            android:exported="true"
48-->[:unityLibrary] AndroidManifest.xml:37:13-36
49            android:hardwareAccelerated="false"
49-->[:unityLibrary] AndroidManifest.xml:38:13-48
50            android:launchMode="singleTask"
50-->[:unityLibrary] AndroidManifest.xml:39:13-44
51            android:resizeableActivity="false"
51-->[:unityLibrary] AndroidManifest.xml:40:13-47
52            android:screenOrientation="sensorLandscape"
52-->[:unityLibrary] AndroidManifest.xml:41:13-56
53            android:theme="@style/UnityThemeSelector.Translucent" >
53-->[:unityLibrary] AndroidManifest.xml:42:13-66
54            <intent-filter>
54-->[:unityLibrary] AndroidManifest.xml:43:13-47:29
55                <action android:name="android.intent.action.MAIN" />
55-->[:unityLibrary] AndroidManifest.xml:44:17-69
55-->[:unityLibrary] AndroidManifest.xml:44:25-66
56
57                <category android:name="android.intent.category.LAUNCHER" />
57-->[:unityLibrary] AndroidManifest.xml:46:17-77
57-->[:unityLibrary] AndroidManifest.xml:46:27-74
58            </intent-filter>
59
60            <meta-data
60-->[:unityLibrary] AndroidManifest.xml:49:13-51:40
61                android:name="unityplayer.UnityActivity"
61-->[:unityLibrary] AndroidManifest.xml:50:17-57
62                android:value="true" />
62-->[:unityLibrary] AndroidManifest.xml:51:17-37
63            <meta-data
63-->[:unityLibrary] AndroidManifest.xml:52:13-54:40
64                android:name="android.notch_support"
64-->[:unityLibrary] AndroidManifest.xml:53:17-53
65                android:value="true" />
65-->[:unityLibrary] AndroidManifest.xml:54:17-37
66        </activity>
67
68        <meta-data
68-->[:unityLibrary] AndroidManifest.xml:57:9-59:33
69            android:name="unity.splash-mode"
69-->[:unityLibrary] AndroidManifest.xml:58:13-45
70            android:value="0" />
70-->[:unityLibrary] AndroidManifest.xml:59:13-30
71        <meta-data
71-->[:unityLibrary] AndroidManifest.xml:60:9-62:36
72            android:name="unity.splash-enable"
72-->[:unityLibrary] AndroidManifest.xml:61:13-47
73            android:value="True" />
73-->[:unityLibrary] AndroidManifest.xml:62:13-33
74        <meta-data
74-->[:unityLibrary] AndroidManifest.xml:63:9-65:37
75            android:name="unity.allow-resizable-window"
75-->[:unityLibrary] AndroidManifest.xml:64:13-56
76            android:value="False" />
76-->[:unityLibrary] AndroidManifest.xml:65:13-34
77        <meta-data
77-->[:unityLibrary] AndroidManifest.xml:66:9-68:50
78            android:name="notch.config"
78-->[:unityLibrary] AndroidManifest.xml:67:13-40
79            android:value="portrait|landscape" />
79-->[:unityLibrary] AndroidManifest.xml:68:13-47
80        <meta-data
80-->[:unityLibrary] AndroidManifest.xml:69:9-71:68
81            android:name="unity.build-id"
81-->[:unityLibrary] AndroidManifest.xml:70:13-42
82            android:value="05f99c77-8e98-46c8-8f7e-d9092261cdec" />
82-->[:unityLibrary] AndroidManifest.xml:71:13-65
83    </application>
84
85</manifest>